#-----------------------------------------------------------
# Vivado v2019.1 (64-bit)
# SW Build 2552052 on Fri May 24 14:49:42 MDT 2019
# IP Build 2548770 on Fri May 24 18:01:18 MDT 2019
# Start of session at: Sat Nov  7 21:20:45 2020
# Process ID: 6600
# Current directory: C:/Users/OAkun/Desktop/PersonalProject/HDMIZYBOZ7BreakoutFinal
# Command line: vivado.exe -gui_launcher_event rodinguilauncherevent22468 C:\Users\OAkun\Desktop\PersonalProject\HDMIZYBOZ7BreakoutFinal\HDMIZYBOZ7BreakoutFinal.xpr
# Log file: C:/Users/OAkun/Desktop/PersonalProject/HDMIZYBOZ7BreakoutFinal/vivado.log
# Journal file: C:/Users/OAkun/Desktop/PersonalProject/HDMIZYBOZ7BreakoutFinal\vivado.jou
#-----------------------------------------------------------
start_gui
open_project C:/Users/OAkun/Desktop/PersonalProject/HDMIZYBOZ7BreakoutFinal/HDMIZYBOZ7BreakoutFinal.xpr
INFO: [Project 1-313] Project file moved from 'C:/Users/OAkun/Desktop/PersonalProject/New folder/HDMIZYBOZ7BreakoutFinal' since last save.
Scanning sources...
Finished scanning sources
INFO: [filemgmt 56-1] Board Part Repository Path: Directory not found as 'C:/Users/AppData/Roaming/Xilinx/Vivado/2019.1/xhub/board_store'; using path 'C:/Users/OAkun/AppData/Roaming/Xilinx/Vivado/2019.1/xhub/board_store' instead.
INFO: [IP_Flow 19-234] Refreshing IP repositories
INFO: [IP_Flow 19-1704] No user IP repositories specified
INFO: [IP_Flow 19-2313] Loaded Vivado IP repository 'C:/Xilinx/Vivado/2019.1/data/ip'.
open_project: Time (s): cpu = 00:00:29 ; elapsed = 00:00:17 . Memory (MB): peak = 1056.305 ; gain = 103.887
update_compile_order -fileset sources_1
launch_sdk -workspace C:/Users/OAkun/Desktop/PersonalProject/HDMIZYBOZ7BreakoutFinal/HDMIZYBOZ7BreakoutFinal.sdk -hwspec C:/Users/OAkun/Desktop/PersonalProject/HDMIZYBOZ7BreakoutFinal/HDMIZYBOZ7BreakoutFinal.sdk/HDMIZYBOZ7_wrapper.hdf
INFO: [Vivado 12-393] Launching SDK...
INFO: [Vivado 12-417] Running xsdk -workspace C:/Users/OAkun/Desktop/PersonalProject/HDMIZYBOZ7BreakoutFinal/HDMIZYBOZ7BreakoutFinal.sdk -hwspec C:/Users/OAkun/Desktop/PersonalProject/HDMIZYBOZ7BreakoutFinal/HDMIZYBOZ7BreakoutFinal.sdk/HDMIZYBOZ7_wrapper.hdf
INFO: [Vivado 12-3157] SDK launch initiated. Please check console for any further messages.
open_bd_design {C:/Users/OAkun/Desktop/PersonalProject/HDMIZYBOZ7BreakoutFinal/HDMIZYBOZ7BreakoutFinal.srcs/sources_1/bd/HDMIZYBOZ7/HDMIZYBOZ7.bd}
Adding component instance block -- xilinx.com:module_ref:BreakoutPixelGenerator:1.0 - BreakoutPixelGenerat_0
Adding component instance block -- xilinx.com:module_ref:dvid_generator:1.0 - dvid_generator_0
Adding component instance block -- xilinx.com:ip:clk_wiz:6.0 - clk_wiz_0
Adding component instance block -- xilinx.com:ip:processing_system7:5.5 - processing_system7_0
Adding component instance block -- xilinx.com:ip:axi_gpio:2.0 - axi_gpio_0
Adding component instance block -- xilinx.com:ip:axi_gpio:2.0 - axi_gpio_1
Adding component instance block -- xilinx.com:ip:axi_interconnect:2.1 - ps7_0_axi_periph
Adding component instance block -- xilinx.com:ip:axi_crossbar:2.1 - xbar
Adding component instance block -- xilinx.com:ip:axi_protocol_converter:2.1 - auto_pc
Adding component instance block -- xilinx.com:ip:proc_sys_reset:5.0 - rst_ps7_0_50M
Adding component instance block -- xilinx.com:ip:axi_gpio:2.0 - axi_gpio_2
WARNING: [BD 41-1731] Type mismatch between connected pins: /clk_wiz_0/clk_vga(clk) and /BreakoutPixelGenerat_0/tick(undef)
WARNING: [BD 41-1731] Type mismatch between connected pins: /clk_wiz_0/clk_vga(clk) and /dvid_generator_0/clk_vga(undef)
WARNING: [BD 41-1731] Type mismatch between connected pins: /clk_wiz_0/clk_dvi(clk) and /dvid_generator_0/clk_dvi(undef)
WARNING: [BD 41-1731] Type mismatch between connected pins: /clk_wiz_0/clk_dvin(clk) and /dvid_generator_0/clk_dvin(undef)
Successfully read diagram <HDMIZYBOZ7> from BD file <C:/Users/OAkun/Desktop/PersonalProject/HDMIZYBOZ7BreakoutFinal/HDMIZYBOZ7BreakoutFinal.srcs/sources_1/bd/HDMIZYBOZ7/HDMIZYBOZ7.bd>
open_bd_design: Time (s): cpu = 00:00:11 ; elapsed = 00:00:13 . Memory (MB): peak = 1101.898 ; gain = 40.496
CRITICAL WARNING: [PSU-1]  Parameter : PCW_UIPARAM_DDR_DQS_TO_CLK_DELAY_0 has negative value -0.050 . PS DDR interfaces might fail when entering negative DQS skew values. 
CRITICAL WARNING: [PSU-2]  Parameter : PCW_UIPARAM_DDR_DQS_TO_CLK_DELAY_1 has negative value -0.044 . PS DDR interfaces might fail when entering negative DQS skew values. 
CRITICAL WARNING: [PSU-3]  Parameter : PCW_UIPARAM_DDR_DQS_TO_CLK_DELAY_2 has negative value -0.035 . PS DDR interfaces might fail when entering negative DQS skew values. 
CRITICAL WARNING: [PSU-4]  Parameter : PCW_UIPARAM_DDR_DQS_TO_CLK_DELAY_3 has negative value -0.100 . PS DDR interfaces might fail when entering negative DQS skew values. 
CRITICAL WARNING: [PSU-1]  Parameter : PCW_UIPARAM_DDR_DQS_TO_CLK_DELAY_0 has negative value -0.050 . PS DDR interfaces might fail when entering negative DQS skew values. 
CRITICAL WARNING: [PSU-2]  Parameter : PCW_UIPARAM_DDR_DQS_TO_CLK_DELAY_1 has negative value -0.044 . PS DDR interfaces might fail when entering negative DQS skew values. 
CRITICAL WARNING: [PSU-3]  Parameter : PCW_UIPARAM_DDR_DQS_TO_CLK_DELAY_2 has negative value -0.035 . PS DDR interfaces might fail when entering negative DQS skew values. 
CRITICAL WARNING: [PSU-4]  Parameter : PCW_UIPARAM_DDR_DQS_TO_CLK_DELAY_3 has negative value -0.100 . PS DDR interfaces might fail when entering negative DQS skew values. 
WARNING: [IP_Flow 19-474] Invalid Parameter 'Component_Name'
startgroup
set_property -dict [list CONFIG.C_INTERRUPT_PRESENT {1}] [get_bd_cells axi_gpio_0]
endgroup
launch_sdk -workspace C:/Users/OAkun/Desktop/PersonalProject/HDMIZYBOZ7BreakoutFinal/HDMIZYBOZ7BreakoutFinal.sdk -hwspec C:/Users/OAkun/Desktop/PersonalProject/HDMIZYBOZ7BreakoutFinal/HDMIZYBOZ7BreakoutFinal.sdk/HDMIZYBOZ7_wrapper.hdf
INFO: [Vivado 12-393] Launching SDK...
INFO: [Vivado 12-417] Running xsdk -workspace C:/Users/OAkun/Desktop/PersonalProject/HDMIZYBOZ7BreakoutFinal/HDMIZYBOZ7BreakoutFinal.sdk -hwspec C:/Users/OAkun/Desktop/PersonalProject/HDMIZYBOZ7BreakoutFinal/HDMIZYBOZ7BreakoutFinal.sdk/HDMIZYBOZ7_wrapper.hdf
INFO: [Vivado 12-3157] SDK launch initiated. Please check console for any further messages.
save_bd_design
Wrote  : <C:\Users\OAkun\Desktop\PersonalProject\HDMIZYBOZ7BreakoutFinal\HDMIZYBOZ7BreakoutFinal.srcs\sources_1\bd\HDMIZYBOZ7\HDMIZYBOZ7.bd> 
Wrote  : <C:/Users/OAkun/Desktop/PersonalProject/HDMIZYBOZ7BreakoutFinal/HDMIZYBOZ7BreakoutFinal.srcs/sources_1/bd/HDMIZYBOZ7/ui/bd_66f90661.ui> 
make_wrapper -files [get_files C:/Users/OAkun/Desktop/PersonalProject/HDMIZYBOZ7BreakoutFinal/HDMIZYBOZ7BreakoutFinal.srcs/sources_1/bd/HDMIZYBOZ7/HDMIZYBOZ7.bd] -top
make_wrapper -files [get_files C:/Users/OAkun/Desktop/PersonalProject/HDMIZYBOZ7BreakoutFinal/HDMIZYBOZ7BreakoutFinal.srcs/sources_1/bd/HDMIZYBOZ7/HDMIZYBOZ7.bd] -top
reset_run impl_1 -prev_step 
launch_runs impl_1 -to_step write_bitstream -jobs 4
[Sat Nov  7 22:20:44 2020] Launched impl_1...
Run output will be captured here: C:/Users/OAkun/Desktop/PersonalProject/HDMIZYBOZ7BreakoutFinal/HDMIZYBOZ7BreakoutFinal.runs/impl_1/runme.log
launch_sdk -workspace C:/Users/OAkun/Desktop/PersonalProject/HDMIZYBOZ7BreakoutFinal/HDMIZYBOZ7BreakoutFinal.sdk -hwspec C:/Users/OAkun/Desktop/PersonalProject/HDMIZYBOZ7BreakoutFinal/HDMIZYBOZ7BreakoutFinal.sdk/HDMIZYBOZ7_wrapper.hdf
INFO: [Vivado 12-393] Launching SDK...
INFO: [Vivado 12-417] Running xsdk -workspace C:/Users/OAkun/Desktop/PersonalProject/HDMIZYBOZ7BreakoutFinal/HDMIZYBOZ7BreakoutFinal.sdk -hwspec C:/Users/OAkun/Desktop/PersonalProject/HDMIZYBOZ7BreakoutFinal/HDMIZYBOZ7BreakoutFinal.sdk/HDMIZYBOZ7_wrapper.hdf
INFO: [Vivado 12-3157] SDK launch initiated. Please check console for any further messages.
exit
INFO: [Common 17-206] Exiting Vivado at Sat Nov  7 23:14:55 2020...
