#-----------------------------------------------------------
# Vivado v2019.1 (64-bit)
# SW Build 2552052 on Fri May 24 14:49:42 MDT 2019
# IP Build 2548770 on Fri May 24 18:01:18 MDT 2019
# Start of session at: Sat Nov 21 12:37:17 2020
# Process ID: 15888
# Current directory: C:/Users/OAkun/Desktop/PersonalProject/HDMIZYBO/HDMIZYBOZ7BreakoutFinal
# Command line: vivado.exe -gui_launcher_event rodinguilauncherevent19916 C:\Users\OAkun\Desktop\PersonalProject\HDMIZYBO\HDMIZYBOZ7BreakoutFinal\HDMIZYBOZ7BreakoutFinal.xpr
# Log file: C:/Users/OAkun/Desktop/PersonalProject/HDMIZYBO/HDMIZYBOZ7BreakoutFinal/vivado.log
# Journal file: C:/Users/OAkun/Desktop/PersonalProject/HDMIZYBO/HDMIZYBOZ7BreakoutFinal\vivado.jou
#-----------------------------------------------------------
start_gui
open_project C:/Users/OAkun/Desktop/PersonalProject/HDMIZYBO/HDMIZYBOZ7BreakoutFinal/HDMIZYBOZ7BreakoutFinal.xpr
Scanning sources...
Finished scanning sources
INFO: [IP_Flow 19-234] Refreshing IP repositories
INFO: [IP_Flow 19-1704] No user IP repositories specified
INFO: [IP_Flow 19-2313] Loaded Vivado IP repository 'C:/Xilinx/Vivado/2019.1/data/ip'.
open_project: Time (s): cpu = 00:00:30 ; elapsed = 00:00:18 . Memory (MB): peak = 905.406 ; gain = 44.375
reset_run impl_1 -prev_step 
launch_runs impl_1 -to_step write_bitstream -jobs 4
[Sat Nov 21 12:38:27 2020] Launched impl_1...
Run output will be captured here: C:/Users/OAkun/Desktop/PersonalProject/HDMIZYBO/HDMIZYBOZ7BreakoutFinal/HDMIZYBOZ7BreakoutFinal.runs/impl_1/runme.log
launch_runs: Time (s): cpu = 00:00:04 ; elapsed = 00:00:11 . Memory (MB): peak = 1116.680 ; gain = 3.992
update_compile_order -fileset sources_1
exit
INFO: [Common 17-206] Exiting Vivado at Sat Nov 21 12:40:12 2020...
